<?xml version="1.0" encoding="UTF-8"?>
<testng-results ignored="0" total="3" passed="3" failed="0" skipped="0">
  <reporter-output>
  </reporter-output>
  <suite started-at="2018-10-27T09:04:55Z" name="Default suite" finished-at="2018-10-27T09:05:36Z" duration-ms="41164">
    <groups>
    </groups>
    <test started-at="2018-10-27T09:04:55Z" name="Default test" finished-at="2018-10-27T09:05:36Z" duration-ms="41164">
      <class name="test.Test99GuruLoginWithPageFactory">
        <test-method is-config="true" signature="setup()[pri:0, instance:test.Test99GuruLoginWithPageFactory@1ebd319f]" started-at="2018-10-27T09:04:55Z" name="setup" finished-at="2018-10-27T09:05:10Z" duration-ms="14489" status="PASS">
          <reporter-output>
          </reporter-output>
        </test-method> <!-- setup -->
        <test-method signature="test_Home_Page_Appear_Correct()[pri:0, instance:test.Test99GuruLoginWithPageFactory@1ebd319f]" started-at="2018-10-27T09:05:10Z" name="test_Home_Page_Appear_Correct" finished-at="2018-10-27T09:05:23Z" duration-ms="12778" status="PASS">
          <reporter-output>
          </reporter-output>
        </test-method> <!-- test_Home_Page_Appear_Correct -->
        <test-method signature="Create_customer()[pri:1, instance:test.Test99GuruLoginWithPageFactory@1ebd319f]" started-at="2018-10-27T09:05:23Z" name="Create_customer" finished-at="2018-10-27T09:05:32Z" duration-ms="9772" status="PASS">
          <reporter-output>
          </reporter-output>
        </test-method> <!-- Create_customer -->
        <test-method signature="New_Accnt()[pri:2, instance:test.Test99GuruLoginWithPageFactory@1ebd319f]" started-at="2018-10-27T09:05:32Z" name="New_Accnt" finished-at="2018-10-27T09:05:36Z" duration-ms="4037" status="PASS">
          <reporter-output>
          </reporter-output>
        </test-method> <!-- New_Accnt -->
      </class> <!-- test.Test99GuruLoginWithPageFactory -->
    </test> <!-- Default test -->
  </suite> <!-- Default suite -->
</testng-results>
